<?xml version="1.0" encoding="UTF-8"?>
<!-- Generated by org.testng.reporters.JUnitReportReporter -->
<testsuite hostname="INIYAA" failures="0" tests="1" name="Practise.Jenkins.testcase" time="9.951" errors="0" timestamp="2021-09-11T17:00:17 IST" skipped="0">
  <testcase classname="Practise.Jenkins.testcase" name="InvokeBrowser" time="9.951"/>
  <system-out/>
</testsuite> <!-- Practise.Jenkins.testcase -->
