<?xml version="1.0" encoding="UTF-8"?>
<!-- Generated by org.testng.reporters.JUnitReportReporter -->
<testsuite hostname="INIYAA" failures="0" tests="1" name="Jenkins.practise.testcase" time="15.328" errors="0" timestamp="2021-09-12T15:15:56 IST" skipped="0">
  <testcase classname="Jenkins.practise.testcase" name="InvokeBrowser" time="15.328"/>
  <system-out/>
</testsuite> <!-- Jenkins.practise.testcase -->
